
**************************************************
***Dell Get Dock Version started on 12/30/2020 at 18:39:48***
Command: C:\Windows\TEMP\invDE70_tmp\TBT_Dock_Firmware\GetDockVer32W.exe /o= ..\TB_Dock_Inv.xml

WSMT Supported: using WMI commands
Error: No dock attached
Error: No Dock found or cannot communicate to the Dock. Exit the program.

**************************************************
***Dell Get Dock Version started on 1/17/2021 at 22:58:31***
Command: C:\Windows\TEMP\inv380C_tmp\TBT_Dock_Firmware\GetDockVer32W.exe /o= ..\TB_Dock_Inv.xml

WSMT Supported: using WMI commands
Error: No dock attached
Error: No Dock found or cannot communicate to the Dock. Exit the program.

**************************************************
***Dell Get Dock Version started on 1/18/2021 at 20:08:27***
Command: C:\Windows\TEMP\invE2B0_tmp\TBT_Dock_Firmware\GetDockVer32W.exe /o= ..\TB_Dock_Inv.xml

WSMT Supported: using WMI commands
Error: No dock attached
Error: No Dock found or cannot communicate to the Dock. Exit the program.

**************************************************
***Dell Get Dock Version started on 1/18/2021 at 20:10:21***
Command: C:\Windows\TEMP\invA0AC_tmp\TBT_Dock_Firmware\GetDockVer32W.exe /o= ..\TB_Dock_Inv.xml

WSMT Supported: using WMI commands
Error: No dock attached
Error: No Dock found or cannot communicate to the Dock. Exit the program.

**************************************************
***Dell Get Dock Version started on 1/21/2021 at 21:21:16***
Command: C:\Windows\TEMP\invD0B_tmp\TBT_Dock_Firmware\GetDockVer32W.exe /o= ..\TB_Dock_Inv.xml

WSMT Supported: using WMI commands
Error: No dock attached
Error: No Dock found or cannot communicate to the Dock. Exit the program.

**************************************************
***Dell Get Dock Version started on 1/29/2021 at 9:38:48***
Command: C:\Windows\TEMP\invC6FC_tmp\TBT_Dock_Firmware\GetDockVer32W.exe /o= ..\TB_Dock_Inv.xml

WSMT Supported: using WMI commands
Error: No dock attached
Error: No Dock found or cannot communicate to the Dock. Exit the program.

**************************************************
***Dell Get Dock Version started on 3/15/2021 at 22:57:48***
Command: C:\Windows\TEMP\invC590_tmp\TBT_Dock_Firmware\GetDockVer32W.exe /o= ..\TB_Dock_Inv.xml

WSMT Supported: using WMI commands
Error: No dock attached
Error: No Dock found or cannot communicate to the Dock. Exit the program.

**************************************************
***Dell Get Dock Version started on 3/15/2021 at 22:57:56***
Command: C:\Windows\TEMP\invE5BB_tmp\TBT_Dock_Firmware\GetDockVer32W.exe /o= ..\TB_Dock_Inv.xml

WSMT Supported: using WMI commands
Error: No dock attached
Error: No Dock found or cannot communicate to the Dock. Exit the program.

**************************************************
***Dell Get Dock Version started on 3/15/2021 at 22:58:32***
Command: C:\Windows\TEMP\inv7549_tmp\TBT_Dock_Firmware\GetDockVer32W.exe /o= ..\TB_Dock_Inv.xml

WSMT Supported: using WMI commands
Error: No dock attached
Error: No Dock found or cannot communicate to the Dock. Exit the program.

**************************************************
***Dell Get Dock Version started on 3/15/2021 at 23:03:17***
Command: C:\Windows\TEMP\invCEFE_tmp\TBT_Dock_Firmware\GetDockVer32W.exe /o= ..\TB_Dock_Inv.xml

WSMT Supported: using WMI commands
Error: No dock attached
Error: No Dock found or cannot communicate to the Dock. Exit the program.

**************************************************
***Dell Get Dock Version started on 3/18/2021 at 23:03:18***
Command: C:\Windows\TEMP\invE502_tmp\TBT_Dock_Firmware\GetDockVer32W.exe /o= ..\TB_Dock_Inv.xml

WSMT Supported: using WMI commands
Error: No dock attached
Error: No Dock found or cannot communicate to the Dock. Exit the program.

**************************************************
***Dell Get Dock Version started on 3/25/2021 at 18:04:52***
Command: C:\Windows\TEMP\inv63AD_tmp\TBT_Dock_Firmware\GetDockVer32W.exe /o= ..\TB_Dock_Inv.xml

WSMT Supported: using WMI commands
Error: No dock attached
Error: No Dock found or cannot communicate to the Dock. Exit the program.

**************************************************
***Dell Get Dock Version started on 3/30/2021 at 23:11:34***
Command: C:\Windows\TEMP\invB4C9_tmp\TBT_Dock_Firmware\GetDockVer32W.exe /o= ..\TB_Dock_Inv.xml

WSMT Supported: using WMI commands
Error: No dock attached
Error: No Dock found or cannot communicate to the Dock. Exit the program.

**************************************************
***Dell Get Dock Version started on 4/3/2021 at 10:53:45***
Command: C:\Windows\TEMP\invC7E7_tmp\TBT_Dock_Firmware\GetDockVer32W.exe /o= ..\TB_Dock_Inv.xml

WSMT Supported: using WMI commands
Error: No dock attached
Error: No Dock found or cannot communicate to the Dock. Exit the program.

**************************************************
***Dell Get Dock Version started on 4/27/2021 at 17:57:43***
Command: C:\Windows\TEMP\inv442_tmp\TBT_Dock_Firmware\GetDockVer32W.exe /o= ..\TB_Dock_Inv.xml

WSMT Supported: using WMI commands
Error: No dock attached
Error: No Dock found or cannot communicate to the Dock. Exit the program.

**************************************************
***Dell Get Dock Version started on 4/30/2021 at 18:29:29***
Command: C:\Windows\TEMP\inv78B4_tmp\TBT_Dock_Firmware\GetDockVer32W.exe /o= ..\TB_Dock_Inv.xml

WSMT Supported: using WMI commands
Error: No dock attached
Error: No Dock found or cannot communicate to the Dock. Exit the program.

**************************************************
***Dell Get Dock Version started on 5/3/2021 at 10:50:07***
Command: C:\Windows\TEMP\invEB4F_tmp\TBT_Dock_Firmware\GetDockVer32W.exe /o= ..\TB_Dock_Inv.xml

WSMT Supported: using WMI commands
Error: No dock attached
Error: No Dock found or cannot communicate to the Dock. Exit the program.

**************************************************
***Dell Get Dock Version started on 5/6/2021 at 10:42:41***
Command: C:\Windows\TEMP\inv508E_tmp\TBT_Dock_Firmware\GetDockVer32W.exe /o= ..\TB_Dock_Inv.xml

WSMT Supported: using WMI commands
Error: No dock attached
Error: No Dock found or cannot communicate to the Dock. Exit the program.

**************************************************
***Dell Get Dock Version started on 5/10/2021 at 10:39:42***
Command: C:\Windows\TEMP\inv258_tmp\TBT_Dock_Firmware\GetDockVer32W.exe /o= ..\TB_Dock_Inv.xml

WSMT Supported: using WMI commands
Error: No dock attached
Error: No Dock found or cannot communicate to the Dock. Exit the program.

**************************************************
***Dell Get Dock Version started on 5/11/2021 at 11:13:47***
Command: C:\Windows\TEMP\inv7823_tmp\TBT_Dock_Firmware\GetDockVer32W.exe /o= ..\TB_Dock_Inv.xml

WSMT Supported: using WMI commands
Error: No dock attached
Error: No Dock found or cannot communicate to the Dock. Exit the program.

**************************************************
***Dell Get Dock Version started on 5/16/2021 at 17:48:59***
Command: C:\Windows\TEMP\inv3194_tmp\TBT_Dock_Firmware\GetDockVer32W.exe /o= ..\TB_Dock_Inv.xml

WSMT Supported: using WMI commands
Error: No dock attached
Error: No Dock found or cannot communicate to the Dock. Exit the program.

**************************************************
***Dell Get Dock Version started on 5/16/2021 at 17:49:06***
Command: C:\Windows\TEMP\inv4D59_tmp\TBT_Dock_Firmware\GetDockVer32W.exe /o= ..\TB_Dock_Inv.xml

WSMT Supported: using WMI commands
Error: No dock attached
Error: No Dock found or cannot communicate to the Dock. Exit the program.

**************************************************
***Dell Get Dock Version started on 5/19/2021 at 22:48:13***
Command: C:\Windows\TEMP\invDE02_tmp\TBT_Dock_Firmware\GetDockVer32W.exe /o= ..\TB_Dock_Inv.xml

WSMT Supported: using WMI commands
Error: No dock attached
Error: No Dock found or cannot communicate to the Dock. Exit the program.

**************************************************
***Dell Get Dock Version started on 5/19/2021 at 22:49:08***
Command: C:\Windows\TEMP\invB799_tmp\TBT_Dock_Firmware\GetDockVer32W.exe /o= ..\TB_Dock_Inv.xml

WSMT Supported: using WMI commands
Error: No dock attached
Error: No Dock found or cannot communicate to the Dock. Exit the program.

**************************************************
***Dell Get Dock Version started on 5/20/2021 at 22:52:55***
Command: C:\Windows\TEMP\inv8FC0_tmp\TBT_Dock_Firmware\GetDockVer32W.exe /o= ..\TB_Dock_Inv.xml

WSMT Supported: using WMI commands
Error: No dock attached
Error: No Dock found or cannot communicate to the Dock. Exit the program.

**************************************************
***Dell Get Dock Version started on 5/24/2021 at 9:25:53***
Command: C:\Windows\TEMP\inv1AB4_tmp\TBT_Dock_Firmware\GetDockVer32W.exe /o= ..\TB_Dock_Inv.xml

WSMT Supported: using WMI commands
Error: No dock attached
Error: No Dock found or cannot communicate to the Dock. Exit the program.

**************************************************
***Dell Get Dock Version started on 5/25/2021 at 13:59:23***
Command: C:\Windows\TEMP\inv958_tmp\TBT_Dock_Firmware\GetDockVer32W.exe /o= ..\TB_Dock_Inv.xml

WSMT Supported: using WMI commands
Error: No dock attached
Error: No Dock found or cannot communicate to the Dock. Exit the program.

**************************************************
***Dell Get Dock Version started on 5/25/2021 at 14:00:09***
Command: C:\Windows\TEMP\invBF88_tmp\TBT_Dock_Firmware\GetDockVer32W.exe /o= ..\TB_Dock_Inv.xml

WSMT Supported: using WMI commands
Error: No dock attached
Error: No Dock found or cannot communicate to the Dock. Exit the program.

**************************************************
***Dell Get Dock Version started on 5/27/2021 at 9:21:04***
Command: C:\Windows\TEMP\inv2997_tmp\TBT_Dock_Firmware\GetDockVer32W.exe /o= ..\TB_Dock_Inv.xml

WSMT Supported: using WMI commands
Error: No dock attached
Error: No Dock found or cannot communicate to the Dock. Exit the program.

**************************************************
***Dell Get Dock Version started on 5/27/2021 at 22:39:48***
Command: C:\Windows\TEMP\inv69D9_tmp\TBT_Dock_Firmware\GetDockVer32W.exe /o= ..\TB_Dock_Inv.xml

WSMT Supported: using WMI commands
Error: No dock attached
Error: No Dock found or cannot communicate to the Dock. Exit the program.

**************************************************
***Dell Get Dock Version started on 5/30/2021 at 9:23:44***
Command: C:\Windows\TEMP\invA977_tmp\TBT_Dock_Firmware\GetDockVer32W.exe /o= ..\TB_Dock_Inv.xml

WSMT Supported: using WMI commands
Error: No dock attached
Error: No Dock found or cannot communicate to the Dock. Exit the program.

**************************************************
***Dell Get Dock Version started on 6/2/2021 at 9:28:20***
Command: C:\Windows\TEMP\invF01C_tmp\TBT_Dock_Firmware\GetDockVer32W.exe /o= ..\TB_Dock_Inv.xml

WSMT Supported: using WMI commands
Error: No dock attached
Error: No Dock found or cannot communicate to the Dock. Exit the program.

**************************************************
***Dell Get Dock Version started on 6/4/2021 at 23:45:24***
Command: C:\Windows\TEMP\inv9C98_tmp\TBT_Dock_Firmware\GetDockVer32W.exe /o= ..\TB_Dock_Inv.xml

WSMT Supported: using WMI commands
Error: No dock attached
Error: No Dock found or cannot communicate to the Dock. Exit the program.

**************************************************
***Dell Get Dock Version started on 6/7/2021 at 23:14:14***
Command: C:\Windows\TEMP\inv1F6D_tmp\TBT_Dock_Firmware\GetDockVer32W.exe /o= ..\TB_Dock_Inv.xml

WSMT Supported: using WMI commands
Error: No dock attached
Error: No Dock found or cannot communicate to the Dock. Exit the program.

**************************************************
***Dell Get Dock Version started on 6/8/2021 at 16:36:48***
Command: C:\Windows\TEMP\inv7475_tmp\TBT_Dock_Firmware\GetDockVer32W.exe /o= ..\TB_Dock_Inv.xml

WSMT Supported: using WMI commands
Error: No dock attached
Error: No Dock found or cannot communicate to the Dock. Exit the program.

**************************************************
***Dell Get Dock Version started on 6/11/2021 at 9:26:22***
Command: C:\Windows\TEMP\inv80F0_tmp\TBT_Dock_Firmware\GetDockVer32W.exe /o= ..\TB_Dock_Inv.xml

WSMT Supported: using WMI commands
Error: No dock attached
Error: No Dock found or cannot communicate to the Dock. Exit the program.

**************************************************
***Dell Get Dock Version started on 6/11/2021 at 20:30:08***
Command: C:\Windows\TEMP\invF95A_tmp\TBT_Dock_Firmware\GetDockVer32W.exe /o= ..\TB_Dock_Inv.xml

WSMT Supported: using WMI commands
Error: No dock attached
Error: No Dock found or cannot communicate to the Dock. Exit the program.

**************************************************
***Dell Get Dock Version started on 6/14/2021 at 9:26:33***
Command: C:\Windows\TEMP\inv8A19_tmp\TBT_Dock_Firmware\GetDockVer32W.exe /o= ..\TB_Dock_Inv.xml

WSMT Supported: using WMI commands
Error: No dock attached
Error: No Dock found or cannot communicate to the Dock. Exit the program.

**************************************************
***Dell Get Dock Version started on 6/16/2021 at 22:57:47***
Command: C:\Windows\TEMP\invFC0_tmp\TBT_Dock_Firmware\GetDockVer32W.exe /o= ..\TB_Dock_Inv.xml

WSMT Supported: using WMI commands
Error: No dock attached
Error: No Dock found or cannot communicate to the Dock. Exit the program.

**************************************************
***Dell Get Dock Version started on 6/19/2021 at 22:57:48***
Command: C:\Windows\TEMP\inv2CF7_tmp\TBT_Dock_Firmware\GetDockVer32W.exe /o= ..\TB_Dock_Inv.xml

WSMT Supported: using WMI commands
Error: No dock attached
Error: No Dock found or cannot communicate to the Dock. Exit the program.

**************************************************
***Dell Get Dock Version started on 6/21/2021 at 9:35:55***
Command: C:\Windows\TEMP\inv4A3A_tmp\TBT_Dock_Firmware\GetDockVer32W.exe /o= ..\TB_Dock_Inv.xml

WSMT Supported: using WMI commands
Error: No dock attached
Error: No Dock found or cannot communicate to the Dock. Exit the program.

**************************************************
***Dell Get Dock Version started on 6/24/2021 at 9:23:01***
Command: C:\Windows\TEMP\inv892D_tmp\TBT_Dock_Firmware\GetDockVer32W.exe /o= ..\TB_Dock_Inv.xml

WSMT Supported: using WMI commands
Error: No dock attached
Error: No Dock found or cannot communicate to the Dock. Exit the program.

**************************************************
***Dell Get Dock Version started on 6/26/2021 at 9:24:05***
Command: C:\Windows\TEMP\inv3DFC_tmp\TBT_Dock_Firmware\GetDockVer32W.exe /o= ..\TB_Dock_Inv.xml

WSMT Supported: using WMI commands
Error: No dock attached
Error: No Dock found or cannot communicate to the Dock. Exit the program.

**************************************************
***Dell Get Dock Version started on 6/29/2021 at 11:23:58***
Command: C:\Windows\TEMP\invF1DE_tmp\TBT_Dock_Firmware\GetDockVer32W.exe /o= ..\TB_Dock_Inv.xml

WSMT Supported: using WMI commands
Error: No dock attached
Error: No Dock found or cannot communicate to the Dock. Exit the program.

**************************************************
***Dell Get Dock Version started on 7/1/2021 at 21:19:29***
Command: C:\Windows\TEMP\invE2E5_tmp\TBT_Dock_Firmware\GetDockVer32W.exe /o= ..\TB_Dock_Inv.xml

WSMT Supported: using WMI commands
Error: No dock attached
Error: No Dock found or cannot communicate to the Dock. Exit the program.

**************************************************
***Dell Get Dock Version started on 7/2/2021 at 9:11:07***
Command: C:\Windows\TEMP\inv65B3_tmp\TBT_Dock_Firmware\GetDockVer32W.exe /o= ..\TB_Dock_Inv.xml

WSMT Supported: using WMI commands
Error: No dock attached
Error: No Dock found or cannot communicate to the Dock. Exit the program.

**************************************************
***Dell Get Dock Version started on 7/5/2021 at 9:12:15***
Command: C:\Windows\TEMP\inv7E71_tmp\TBT_Dock_Firmware\GetDockVer32W.exe /o= ..\TB_Dock_Inv.xml

WSMT Supported: using WMI commands
Error: No dock attached
Error: No Dock found or cannot communicate to the Dock. Exit the program.

**************************************************
***Dell Get Dock Version started on 7/8/2021 at 9:17:26***
Command: C:\Windows\TEMP\invB061_tmp\TBT_Dock_Firmware\GetDockVer32W.exe /o= ..\TB_Dock_Inv.xml

WSMT Supported: using WMI commands
Error: No dock attached
Error: No Dock found or cannot communicate to the Dock. Exit the program.

**************************************************
***Dell Get Dock Version started on 7/11/2021 at 13:01:25***
Command: C:\Windows\TEMP\invD8CE_tmp\TBT_Dock_Firmware\GetDockVer32W.exe /o= ..\TB_Dock_Inv.xml

WSMT Supported: using WMI commands
Error: No dock attached
Error: No Dock found or cannot communicate to the Dock. Exit the program.

**************************************************
***Dell Get Dock Version started on 7/12/2021 at 10:27:44***
Command: C:\Windows\TEMP\inv9144_tmp\TBT_Dock_Firmware\GetDockVer32W.exe /o= ..\TB_Dock_Inv.xml

WSMT Supported: using WMI commands
Error: No dock attached
Error: No Dock found or cannot communicate to the Dock. Exit the program.

**************************************************
***Dell Get Dock Version started on 7/17/2021 at 9:34:32***
Command: C:\Windows\TEMP\invB9C9_tmp\TBT_Dock_Firmware\GetDockVer32W.exe /o= ..\TB_Dock_Inv.xml

WSMT Supported: using WMI commands
Error: No dock attached
Error: No Dock found or cannot communicate to the Dock. Exit the program.

**************************************************
***Dell Get Dock Version started on 7/20/2021 at 10:15:57***
Command: C:\Windows\TEMP\invBBFE_tmp\TBT_Dock_Firmware\GetDockVer32W.exe /o= ..\TB_Dock_Inv.xml

WSMT Supported: using WMI commands
Error: No dock attached
Error: No Dock found or cannot communicate to the Dock. Exit the program.

**************************************************
***Dell Get Dock Version started on 7/23/2021 at 9:53:56***
Command: C:\Windows\TEMP\invC7A2_tmp\TBT_Dock_Firmware\GetDockVer32W.exe /o= ..\TB_Dock_Inv.xml

WSMT Supported: using WMI commands
Error: No dock attached
Error: No Dock found or cannot communicate to the Dock. Exit the program.

**************************************************
***Dell Get Dock Version started on 9/13/2021 at 12:36:56***
Command: C:\Windows\TEMP\inv2E3C_tmp\TBT_Dock_Firmware\GetDockVer32W.exe /o= ..\TB_Dock_Inv.xml

WSMT Supported: using WMI commands
Error: No dock attached
Error: No Dock found or cannot communicate to the Dock. Exit the program.

**************************************************
***Dell Get Dock Version started on 9/13/2021 at 12:37:02***
Command: C:\Windows\TEMP\inv4752_tmp\TBT_Dock_Firmware\GetDockVer32W.exe /o= ..\TB_Dock_Inv.xml

WSMT Supported: using WMI commands
Error: No dock attached
Error: No Dock found or cannot communicate to the Dock. Exit the program.

**************************************************
***Dell Get Dock Version started on 9/13/2021 at 12:45:50***
Command: C:\Windows\TEMP\inv5303_tmp\TBT_Dock_Firmware\GetDockVer32W.exe /o= ..\TB_Dock_Inv.xml

WSMT Supported: using WMI commands
Error: No dock attached
Error: No Dock found or cannot communicate to the Dock. Exit the program.

**************************************************
***Dell Get Dock Version started on 9/13/2021 at 12:47:49***
Command: C:\Windows\TEMP\inv22B2_tmp\TBT_Dock_Firmware\GetDockVer32W.exe /o= ..\TB_Dock_Inv.xml

WSMT Supported: using WMI commands
Error: No dock attached
Error: No Dock found or cannot communicate to the Dock. Exit the program.

**************************************************
***Dell Get Dock Version started on 9/14/2021 at 14:25:32***
Command: C:\Windows\TEMP\invEF95_tmp\TBT_Dock_Firmware\GetDockVer32W.exe /o= ..\TB_Dock_Inv.xml

WSMT Supported: using WMI commands
Error: No dock attached
Error: No Dock found or cannot communicate to the Dock. Exit the program.

**************************************************
***Dell Get Dock Version started on 9/14/2021 at 23:27:08***
Command: C:\Windows\TEMP\invDC6E_tmp\TBT_Dock_Firmware\GetDockVer32W.exe /o= ..\TB_Dock_Inv.xml

WSMT Supported: using WMI commands
Error: No dock attached
Error: No Dock found or cannot communicate to the Dock. Exit the program.

**************************************************
***Dell Get Dock Version started on 9/18/2021 at 7:52:44***
Command: C:\Windows\TEMP\invEDF1_tmp\TBT_Dock_Firmware\GetDockVer32W.exe /o= ..\TB_Dock_Inv.xml

WSMT Supported: using WMI commands
Error: No dock attached
Error: No Dock found or cannot communicate to the Dock. Exit the program.

**************************************************
***Dell Get Dock Version started on 9/21/2021 at 10:37:35***
Command: C:\Windows\TEMP\invE41A_tmp\TBT_Dock_Firmware\GetDockVer32W.exe /o= ..\TB_Dock_Inv.xml

WSMT Supported: using WMI commands
Error: No dock attached
Error: No Dock found or cannot communicate to the Dock. Exit the program.

**************************************************
***Dell Get Dock Version started on 10/6/2021 at 19:25:58***
Command: C:\Windows\TEMP\inv2E19_tmp\TBT_Dock_Firmware\GetDockVer32W.exe /o= ..\TB_Dock_Inv.xml

WSMT Supported: using WMI commands
Error: No dock attached
Error: No Dock found or cannot communicate to the Dock. Exit the program.

**************************************************
***Dell Get Dock Version started on 11/28/2021 at 22:03:06***
Command: C:\Windows\TEMP\inv7F18_tmp\TBT_Dock_Firmware\GetDockVer32W.exe /o= ..\TB_Dock_Inv.xml

WSMT Supported: using WMI commands
Error: No dock attached
Error: No Dock found or cannot communicate to the Dock. Exit the program.

**************************************************
***Dell Get Dock Version started on 12/12/2021 at 8:49:03***
Command: C:\Windows\TEMP\inv8999_tmp\TBT_Dock_Firmware\GetDockVer32W.exe /o= ..\TB_Dock_Inv.xml

WSMT Supported: using WMI commands
Error: No dock attached
Error: No Dock found or cannot communicate to the Dock. Exit the program.

**************************************************
***Dell Get Dock Version started on 12/12/2021 at 8:49:44***
Command: C:\Windows\TEMP\inv2C51_tmp\TBT_Dock_Firmware\GetDockVer32W.exe /o= ..\TB_Dock_Inv.xml

WSMT Supported: using WMI commands
Error: No dock attached
Error: No Dock found or cannot communicate to the Dock. Exit the program.

**************************************************
***Dell Get Dock Version started on 12/12/2021 at 22:56:35***
Command: C:\Windows\TEMP\invBD08_tmp\TBT_Dock_Firmware\GetDockVer32W.exe /o= ..\TB_Dock_Inv.xml

WSMT Supported: using WMI commands
Error: No dock attached
Error: No Dock found or cannot communicate to the Dock. Exit the program.

**************************************************
***Dell Get Dock Version started on 12/12/2021 at 22:57:40***
Command: C:\Windows\TEMP\invBA92_tmp\TBT_Dock_Firmware\GetDockVer32W.exe /o= ..\TB_Dock_Inv.xml

WSMT Supported: using WMI commands
Error: No dock attached
Error: No Dock found or cannot communicate to the Dock. Exit the program.

**************************************************
***Dell Get Dock Version started on 12/18/2021 at 18:38:16***
Command: C:\Windows\TEMP\inv6DB3_tmp\TBT_Dock_Firmware\GetDockVer32W.exe /o= ..\TB_Dock_Inv.xml

WSMT Supported: using WMI commands
Error: No dock attached
Error: No Dock found or cannot communicate to the Dock. Exit the program.

**************************************************
***Dell Get Dock Version started on 12/18/2021 at 18:38:37***
Command: C:\Windows\TEMP\invC0F4_tmp\TBT_Dock_Firmware\GetDockVer32W.exe /o= ..\TB_Dock_Inv.xml

WSMT Supported: using WMI commands
Error: No dock attached
Error: No Dock found or cannot communicate to the Dock. Exit the program.

**************************************************
***Dell Get Dock Version started on 12/22/2021 at 23:13:30***
Command: C:\Windows\TEMP\invD916_tmp\TBT_Dock_Firmware\GetDockVer32W.exe /o= ..\TB_Dock_Inv.xml

WSMT Supported: using WMI commands
Error: No dock attached
Error: No Dock found or cannot communicate to the Dock. Exit the program.

**************************************************
***Dell Get Dock Version started on 12/22/2021 at 23:13:40***
Command: C:\Windows\TEMP\inv391_tmp\TBT_Dock_Firmware\GetDockVer32W.exe /o= ..\TB_Dock_Inv.xml

WSMT Supported: using WMI commands
Error: No dock attached
Error: No Dock found or cannot communicate to the Dock. Exit the program.

**************************************************
***Dell Get Dock Version started on 12/22/2021 at 23:16:25***
Command: C:\Windows\TEMP\inv89ED_tmp\TBT_Dock_Firmware\GetDockVer32W.exe /o= ..\TB_Dock_Inv.xml

WSMT Supported: using WMI commands
Error: No dock attached
Error: No Dock found or cannot communicate to the Dock. Exit the program.

**************************************************
***Dell Get Dock Version started on 1/6/2022 at 13:55:42***
Command: C:\Windows\TEMP\invDC7B_tmp\TBT_Dock_Firmware\GetDockVer32W.exe /o= ..\TB_Dock_Inv.xml

WSMT Supported: using WMI commands
Error: No dock attached
Error: No Dock found or cannot communicate to the Dock. Exit the program.

**************************************************
***Dell Get Dock Version started on 1/6/2022 at 13:56:30***
Command: C:\Windows\TEMP\invB93F_tmp\TBT_Dock_Firmware\GetDockVer32W.exe /o= ..\TB_Dock_Inv.xml

WSMT Supported: using WMI commands
Error: No dock attached
Error: No Dock found or cannot communicate to the Dock. Exit the program.

**************************************************
***Dell Get Dock Version started on 1/6/2022 at 21:03:23***
Command: C:\Windows\TEMP\invD574_tmp\TBT_Dock_Firmware\GetDockVer32W.exe /o= ..\TB_Dock_Inv.xml

WSMT Supported: using WMI commands
Error: No dock attached
Error: No Dock found or cannot communicate to the Dock. Exit the program.

**************************************************
***Dell Get Dock Version started on 1/19/2022 at 9:38:38***
Command: C:\Windows\TEMP\invCE07_tmp\TBT_Dock_Firmware\GetDockVer32W.exe /o= ..\TB_Dock_Inv.xml

WSMT Supported: using WMI commands
Error: No dock attached
Error: No Dock found or cannot communicate to the Dock. Exit the program.

**************************************************
***Dell Get Dock Version started on 1/22/2022 at 9:32:02***
Command: C:\Windows\TEMP\invC4F7_tmp\TBT_Dock_Firmware\GetDockVer32W.exe /o= ..\TB_Dock_Inv.xml

WSMT Supported: using WMI commands
Error: No dock attached
Error: No Dock found or cannot communicate to the Dock. Exit the program.

**************************************************
***Dell Get Dock Version started on 1/31/2022 at 10:15:12***
Command: C:\Windows\TEMP\inv14F3_tmp\TBT_Dock_Firmware\GetDockVer32W.exe /o= ..\TB_Dock_Inv.xml

WSMT Supported: using WMI commands
Error: No dock attached
Error: No Dock found or cannot communicate to the Dock. Exit the program.

**************************************************
***Dell Get Dock Version started on 2/3/2022 at 15:45:52***
Command: C:\Windows\TEMP\invB42E_tmp\TBT_Dock_Firmware\GetDockVer32W.exe /o= ..\TB_Dock_Inv.xml

WSMT Supported: using WMI commands
Error: No dock attached
Error: No Dock found or cannot communicate to the Dock. Exit the program.

**************************************************
***Dell Get Dock Version started on 2/9/2022 at 11:26:37***
Command: C:\Windows\TEMP\invAC74_tmp\TBT_Dock_Firmware\GetDockVer32W.exe /o= ..\TB_Dock_Inv.xml

WSMT Supported: using WMI commands
Error: No dock attached
Error: No Dock found or cannot communicate to the Dock. Exit the program.

**************************************************
***Dell Get Dock Version started on 2/14/2022 at 22:57:14***
Command: C:\Windows\TEMP\inv3F3D_tmp\TBT_Dock_Firmware\GetDockVer32W.exe /o= ..\TB_Dock_Inv.xml

WSMT Supported: using WMI commands
Error: No dock attached
Error: No Dock found or cannot communicate to the Dock. Exit the program.

**************************************************
***Dell Get Dock Version started on 2/19/2022 at 17:21:03***
Command: C:\Windows\TEMP\invE08D_tmp\TBT_Dock_Firmware\GetDockVer32W.exe /o= ..\TB_Dock_Inv.xml

WSMT Supported: using WMI commands
Error: No dock attached
Error: No Dock found or cannot communicate to the Dock. Exit the program.

**************************************************
***Dell Get Dock Version started on 2/23/2022 at 23:01:32***
Command: C:\Windows\TEMP\inv1CAE_tmp\TBT_Dock_Firmware\GetDockVer32W.exe /o= ..\TB_Dock_Inv.xml

WSMT Supported: using WMI commands
Error: No dock attached
Error: No Dock found or cannot communicate to the Dock. Exit the program.

**************************************************
***Dell Get Dock Version started on 3/8/2022 at 15:26:14***
Command: C:\Windows\TEMP\invECDF_tmp\TBT_Dock_Firmware\GetDockVer32W.exe /o= ..\TB_Dock_Inv.xml

WSMT Supported: using WMI commands
Error: No dock attached
Error: No Dock found or cannot communicate to the Dock. Exit the program.

**************************************************
***Dell Get Dock Version started on 3/10/2022 at 21:20:25***
Command: C:\Windows\TEMP\invF48E_tmp\TBT_Dock_Firmware\GetDockVer32W.exe /o= ..\TB_Dock_Inv.xml

WSMT Supported: using WMI commands
Error: No dock attached
Error: No Dock found or cannot communicate to the Dock. Exit the program.

**************************************************
***Dell Get Dock Version started on 3/10/2022 at 22:57:12***
Command: C:\Windows\TEMP\inv915E_tmp\TBT_Dock_Firmware\GetDockVer32W.exe /o= ..\TB_Dock_Inv.xml

WSMT Supported: using WMI commands
Error: No dock attached
Error: No Dock found or cannot communicate to the Dock. Exit the program.

**************************************************
***Dell Get Dock Version started on 5/9/2022 at 22:59:26***
Command: C:\Windows\TEMP\invA55F_tmp\TBT_Dock_Firmware\GetDockVer32W.exe /o= ..\TB_Dock_Inv.xml

WSMT Supported: using WMI commands
Error: No dock attached
Error: No Dock found or cannot communicate to the Dock. Exit the program.

**************************************************
***Dell Get Dock Version started on 5/9/2022 at 23:00:19***
Command: C:\Windows\TEMP\inv713B_tmp\TBT_Dock_Firmware\GetDockVer32W.exe /o= ..\TB_Dock_Inv.xml

WSMT Supported: using WMI commands
Error: No dock attached
Error: No Dock found or cannot communicate to the Dock. Exit the program.

**************************************************
***Dell Get Dock Version started on 7/16/2022 at 12:39:24***
Command: C:\WINDOWS\TEMP\invB415_tmp\TBT_Dock_Firmware\GetDockVer32W.exe /o= ..\TB_Dock_Inv.xml

WSMT Supported: using WMI commands
Error: No dock attached
Error: No Dock found or cannot communicate to the Dock. Exit the program.

**************************************************
***Dell Get Dock Version started on 7/16/2022 at 12:39:47***
Command: C:\WINDOWS\TEMP\inv2127_tmp\TBT_Dock_Firmware\GetDockVer32W.exe /o= ..\TB_Dock_Inv.xml

WSMT Supported: using WMI commands
Error: No dock attached
Error: No Dock found or cannot communicate to the Dock. Exit the program.

**************************************************
***Dell Get Dock Version started on 7/16/2022 at 12:41:55***
Command: C:\WINDOWS\TEMP\inv1249_tmp\TBT_Dock_Firmware\GetDockVer32W.exe /o= ..\TB_Dock_Inv.xml

WSMT Supported: using WMI commands
Error: No dock attached
Error: No Dock found or cannot communicate to the Dock. Exit the program.

**************************************************
***Dell Get Dock Version started on 7/20/2022 at 22:57:30***
Command: C:\WINDOWS\TEMP\invFC5D_tmp\TBT_Dock_Firmware\GetDockVer32W.exe /o= ..\TB_Dock_Inv.xml

WSMT Supported: using WMI commands
Error: No dock attached
Error: No Dock found or cannot communicate to the Dock. Exit the program.

**************************************************
***Dell Get Dock Version started on 7/20/2022 at 22:57:48***
Command: C:\WINDOWS\TEMP\inv44A1_tmp\TBT_Dock_Firmware\GetDockVer32W.exe /o= ..\TB_Dock_Inv.xml

WSMT Supported: using WMI commands
Error: No dock attached
Error: No Dock found or cannot communicate to the Dock. Exit the program.

**************************************************
***Dell Get Dock Version started on 7/20/2022 at 22:59:08***
Command: C:\WINDOWS\TEMP\inv79C5_tmp\TBT_Dock_Firmware\GetDockVer32W.exe /o= ..\TB_Dock_Inv.xml

WSMT Supported: using WMI commands
Error: No dock attached
Error: No Dock found or cannot communicate to the Dock. Exit the program.

**************************************************
***Dell Get Dock Version started on 8/21/2022 at 15:49:27***
Command: C:\WINDOWS\TEMP\invB721_tmp\TBT_Dock_Firmware\GetDockVer32W.exe /o= ..\TB_Dock_Inv.xml

WSMT Supported: using WMI commands
Error: No dock attached
Error: No Dock found or cannot communicate to the Dock. Exit the program.

**************************************************
***Dell Get Dock Version started on 9/25/2022 at 11:33:06***
Command: C:\WINDOWS\TEMP\invA4AF_tmp\TBT_Dock_Firmware\GetDockVer32W.exe /o= ..\TB_Dock_Inv.xml

WSMT Supported: using WMI commands
Error: No dock attached
Error: No Dock found or cannot communicate to the Dock. Exit the program.

**************************************************
***Dell Get Dock Version started on 10/1/2022 at 6:32:57***
Command: C:\WINDOWS\TEMP\inv122_tmp\TBT_Dock_Firmware\GetDockVer32W.exe /o= ..\TB_Dock_Inv.xml

WSMT Supported: using WMI commands
Error: No dock attached
Error: No Dock found or cannot communicate to the Dock. Exit the program.

**************************************************
***Dell Get Dock Version started on 10/11/2022 at 21:13:11***
Command: C:\WINDOWS\TEMP\inv2C6E_tmp\TBT_Dock_Firmware\GetDockVer32W.exe /o= ..\TB_Dock_Inv.xml

WSMT Supported: using WMI commands
Error: No dock attached
Error: No Dock found or cannot communicate to the Dock. Exit the program.

**************************************************
***Dell Get Dock Version started on 10/12/2022 at 22:58:04***
Command: C:\WINDOWS\TEMP\inv4FB3_tmp\TBT_Dock_Firmware\GetDockVer32W.exe /o= ..\TB_Dock_Inv.xml

WSMT Supported: using WMI commands
Error: No dock attached
Error: No Dock found or cannot communicate to the Dock. Exit the program.

**************************************************
***Dell Get Dock Version started on 11/2/2022 at 23:02:32***
Command: C:\WINDOWS\TEMP\inv49D2_tmp\TBT_Dock_Firmware\GetDockVer32W.exe /o= ..\TB_Dock_Inv.xml

WSMT Supported: using WMI commands
Error: No dock attached
Error: No Dock found or cannot communicate to the Dock. Exit the program.

**************************************************
***Dell Get Dock Version started on 11/7/2022 at 18:18:27***
Command: C:\WINDOWS\TEMP\invE916_tmp\TBT_Dock_Firmware\GetDockVer32W.exe /o= ..\TB_Dock_Inv.xml

WSMT Supported: using WMI commands
Error: No dock attached
Error: No Dock found or cannot communicate to the Dock. Exit the program.

**************************************************
***Dell Get Dock Version started on 11/24/2022 at 19:40:46***
Command: C:\WINDOWS\TEMP\invE697_tmp\TBT_Dock_Firmware\GetDockVer32W.exe /o= ..\TB_Dock_Inv.xml

WSMT Supported: using WMI commands
Error: No dock attached
Error: No Dock found or cannot communicate to the Dock. Exit the program.

**************************************************
***Dell Get Dock Version started on 11/29/2022 at 22:57:33***
Command: C:\WINDOWS\TEMP\invF37_tmp\TBT_Dock_Firmware\GetDockVer32W.exe /o= ..\TB_Dock_Inv.xml

WSMT Supported: using WMI commands
Error: No dock attached
Error: No Dock found or cannot communicate to the Dock. Exit the program.

**************************************************
***Dell Get Dock Version started on 12/5/2022 at 22:57:45***
Command: C:\WINDOWS\TEMP\invD83A_tmp\TBT_Dock_Firmware\GetDockVer32W.exe /o= ..\TB_Dock_Inv.xml

WSMT Supported: using WMI commands
Error: No dock attached
Error: No Dock found or cannot communicate to the Dock. Exit the program.

**************************************************
***Dell Get Dock Version started on 12/11/2022 at 22:58:14***
Command: C:\WINDOWS\TEMP\inv87DE_tmp\TBT_Dock_Firmware\GetDockVer32W.exe /o= ..\TB_Dock_Inv.xml

WSMT Supported: using WMI commands
Error: No dock attached
Error: No Dock found or cannot communicate to the Dock. Exit the program.

**************************************************
***Dell Get Dock Version started on 12/15/2022 at 21:41:13***
Command: C:\WINDOWS\TEMP\invA953_tmp\TBT_Dock_Firmware\GetDockVer32W.exe /o= ..\TB_Dock_Inv.xml

WSMT Supported: using WMI commands
Error: No dock attached
Error: No Dock found or cannot communicate to the Dock. Exit the program.

**************************************************
***Dell Get Dock Version started on 12/22/2022 at 19:55:46***
Command: C:\WINDOWS\TEMP\invE2A3_tmp\TBT_Dock_Firmware\GetDockVer32W.exe /o= ..\TB_Dock_Inv.xml

WSMT Supported: using WMI commands
Error: No dock attached
Error: No Dock found or cannot communicate to the Dock. Exit the program.

**************************************************
***Dell Get Dock Version started on 12/22/2022 at 21:13:16***
Command: C:\WINDOWS\TEMP\inv6793_tmp\TBT_Dock_Firmware\GetDockVer32W.exe /o= ..\TB_Dock_Inv.xml

WSMT Supported: using WMI commands
Error: No dock attached
Error: No Dock found or cannot communicate to the Dock. Exit the program.

**************************************************
***Dell Get Dock Version started on 12/22/2022 at 21:15:04***
Command: C:\WINDOWS\TEMP\inv361_tmp\TBT_Dock_Firmware\GetDockVer32W.exe /o= ..\TB_Dock_Inv.xml

WSMT Supported: using WMI commands
Error: No dock attached
Error: No Dock found or cannot communicate to the Dock. Exit the program.

**************************************************
***Dell Get Dock Version started on 12/23/2022 at 22:58:24***
Command: C:\WINDOWS\TEMP\inv77E_tmp\TBT_Dock_Firmware\GetDockVer32W.exe /o= ..\TB_Dock_Inv.xml

WSMT Supported: using WMI commands
Error: No dock attached
Error: No Dock found or cannot communicate to the Dock. Exit the program.

**************************************************
***Dell Get Dock Version started on 1/1/2023 at 10:21:47***
Command: C:\WINDOWS\TEMP\inv9080_tmp\TBT_Dock_Firmware\GetDockVer32W.exe /o= ..\TB_Dock_Inv.xml

WSMT Supported: using WMI commands
Error: No dock attached
Error: No Dock found or cannot communicate to the Dock. Exit the program.

**************************************************
***Dell Get Dock Version started on 1/1/2023 at 23:09:55***
Command: C:\WINDOWS\TEMP\invCC45_tmp\TBT_Dock_Firmware\GetDockVer32W.exe /o= ..\TB_Dock_Inv.xml

WSMT Supported: using WMI commands
Error: No dock attached
Error: No Dock found or cannot communicate to the Dock. Exit the program.

**************************************************
***Dell Get Dock Version started on 1/7/2023 at 23:47:44***
Command: C:\WINDOWS\TEMP\invCA5_tmp\TBT_Dock_Firmware\GetDockVer32W.exe /o= ..\TB_Dock_Inv.xml

WSMT Supported: using WMI commands
Error: No dock attached
Error: No Dock found or cannot communicate to the Dock. Exit the program.

**************************************************
***Dell Get Dock Version started on 1/10/2023 at 23:25:39***
Command: C:\WINDOWS\TEMP\inv1740_tmp\TBT_Dock_Firmware\GetDockVer32W.exe /o= ..\TB_Dock_Inv.xml

WSMT Supported: using WMI commands
Error: No dock attached
Error: No Dock found or cannot communicate to the Dock. Exit the program.

**************************************************
***Dell Get Dock Version started on 1/13/2023 at 23:33:10***
Command: C:\WINDOWS\TEMP\inv1805_tmp\TBT_Dock_Firmware\GetDockVer32W.exe /o= ..\TB_Dock_Inv.xml

WSMT Supported: using WMI commands
Error: No dock attached
Error: No Dock found or cannot communicate to the Dock. Exit the program.

**************************************************
***Dell Get Dock Version started on 1/16/2023 at 23:11:23***
Command: C:\WINDOWS\TEMP\inv4942_tmp\TBT_Dock_Firmware\GetDockVer32W.exe /o= ..\TB_Dock_Inv.xml

WSMT Supported: using WMI commands
Error: No dock attached
Error: No Dock found or cannot communicate to the Dock. Exit the program.

**************************************************
***Dell Get Dock Version started on 1/23/2023 at 8:30:36***
Command: C:\WINDOWS\TEMP\inv791_tmp\TBT_Dock_Firmware\GetDockVer32W.exe /o= ..\TB_Dock_Inv.xml

WSMT Supported: using WMI commands
Error: No dock attached
Error: No Dock found or cannot communicate to the Dock. Exit the program.

**************************************************
***Dell Get Dock Version started on 1/26/2023 at 14:46:26***
Command: C:\WINDOWS\TEMP\inv75B3_tmp\TBT_Dock_Firmware\GetDockVer32W.exe /o= ..\TB_Dock_Inv.xml

WSMT Supported: using WMI commands
Error: No dock attached
Error: No Dock found or cannot communicate to the Dock. Exit the program.

**************************************************
***Dell Get Dock Version started on 1/28/2023 at 22:57:32***
Command: C:\WINDOWS\TEMP\invA622_tmp\TBT_Dock_Firmware\GetDockVer32W.exe /o= ..\TB_Dock_Inv.xml

WSMT Supported: using WMI commands
Error: No dock attached
Error: No Dock found or cannot communicate to the Dock. Exit the program.

**************************************************
***Dell Get Dock Version started on 2/3/2023 at 22:57:36***
Command: C:\WINDOWS\TEMP\invE331_tmp\TBT_Dock_Firmware\GetDockVer32W.exe /o= ..\TB_Dock_Inv.xml

WSMT Supported: using WMI commands
Error: No dock attached
Error: No Dock found or cannot communicate to the Dock. Exit the program.

**************************************************
***Dell Get Dock Version started on 2/9/2023 at 22:57:33***
Command: C:\WINDOWS\TEMP\inv25FC_tmp\TBT_Dock_Firmware\GetDockVer32W.exe /o= ..\TB_Dock_Inv.xml

WSMT Supported: using WMI commands
Error: No dock attached
Error: No Dock found or cannot communicate to the Dock. Exit the program.

**************************************************
***Dell Get Dock Version started on 2/21/2023 at 20:34:11***
Command: C:\WINDOWS\TEMP\invF4B3_tmp\TBT_Dock_Firmware\GetDockVer32W.exe /o= ..\TB_Dock_Inv.xml

WSMT Supported: using WMI commands
Error: No dock attached
Error: No Dock found or cannot communicate to the Dock. Exit the program.

**************************************************
***Dell Get Dock Version started on 2/21/2023 at 20:51:50***
Command: C:\WINDOWS\TEMP\inv1CCE_tmp\TBT_Dock_Firmware\GetDockVer32W.exe /o= ..\TB_Dock_Inv.xml

WSMT Supported: using WMI commands
Error: No dock attached
Error: No Dock found or cannot communicate to the Dock. Exit the program.

**************************************************
***Dell Get Dock Version started on 2/21/2023 at 22:58:35***
Command: C:\WINDOWS\TEMP\inv24AA_tmp\TBT_Dock_Firmware\GetDockVer32W.exe /o= ..\TB_Dock_Inv.xml

WSMT Supported: using WMI commands
Error: No dock attached
Error: No Dock found or cannot communicate to the Dock. Exit the program.

**************************************************
***Dell Get Dock Version started on 3/5/2023 at 23:46:27***
Command: C:\WINDOWS\TEMP\inv916A_tmp\TBT_Dock_Firmware\GetDockVer32W.exe /o= ..\TB_Dock_Inv.xml

WSMT Supported: using WMI commands
Error: No dock attached
Error: No Dock found or cannot communicate to the Dock. Exit the program.

**************************************************
***Dell Get Dock Version started on 3/10/2023 at 19:10:53***
Command: C:\WINDOWS\TEMP\inv253_tmp\TBT_Dock_Firmware\GetDockVer32W.exe /o= ..\TB_Dock_Inv.xml

WSMT Supported: using WMI commands
Error: No dock attached
Error: No Dock found or cannot communicate to the Dock. Exit the program.

**************************************************
***Dell Get Dock Version started on 3/15/2023 at 0:23:23***
Command: C:\WINDOWS\TEMP\invCCD4_tmp\TBT_Dock_Firmware\GetDockVer32W.exe /o= ..\TB_Dock_Inv.xml

WSMT Supported: using WMI commands
Error: No dock attached
Error: No Dock found or cannot communicate to the Dock. Exit the program.

**************************************************
***Dell Get Dock Version started on 3/17/2023 at 23:18:57***
Command: C:\WINDOWS\TEMP\invE0E3_tmp\TBT_Dock_Firmware\GetDockVer32W.exe /o= ..\TB_Dock_Inv.xml

WSMT Supported: using WMI commands
Error: No dock attached
Error: No Dock found or cannot communicate to the Dock. Exit the program.

**************************************************
***Dell Get Dock Version started on 3/20/2023 at 22:57:39***
Command: C:\WINDOWS\TEMP\inv75DB_tmp\TBT_Dock_Firmware\GetDockVer32W.exe /o= ..\TB_Dock_Inv.xml

WSMT Supported: using WMI commands
Error: No dock attached
Error: No Dock found or cannot communicate to the Dock. Exit the program.

**************************************************
***Dell Get Dock Version started on 3/23/2023 at 23:19:37***
Command: C:\WINDOWS\TEMP\inv5B36_tmp\TBT_Dock_Firmware\GetDockVer32W.exe /o= ..\TB_Dock_Inv.xml

WSMT Supported: using WMI commands
Error: No dock attached
Error: No Dock found or cannot communicate to the Dock. Exit the program.

**************************************************
***Dell Get Dock Version started on 3/27/2023 at 12:36:06***
Command: C:\WINDOWS\TEMP\inv2850_tmp\TBT_Dock_Firmware\GetDockVer32W.exe /o= ..\TB_Dock_Inv.xml

WSMT Supported: using WMI commands
Error: No dock attached
Error: No Dock found or cannot communicate to the Dock. Exit the program.
